{"C:\\Users\\Dell\\Documents\\GitHub\\challenge-backend-dev\\src\\app.ts": {"path":"C:\\Users\\Dell\\Documents\\GitHub\\challenge-backend-dev\\src\\app.ts","statementMap":{"0":{"start":{"line":27,"column":0},"end":{"line":27,"column":30}},"1":{"start":{"line":28,"column":0},"end":{"line":28,"column":37}},"2":{"start":{"line":29,"column":0},"end":{"line":29,"column":24}},"3":{"start":{"line":30,"column":0},"end":{"line":30,"column":57}},"4":{"start":{"line":31,"column":0},"end":{"line":31,"column":33}},"5":{"start":{"line":34,"column":12},"end":{"line":34,"column":21}},"6":{"start":{"line":35,"column":13},"end":{"line":35,"column":37}},"7":{"start":{"line":38,"column":0},"end":{"line":38,"column":16}},"8":{"start":{"line":39,"column":0},"end":{"line":39,"column":27}},"9":{"start":{"line":40,"column":0},"end":{"line":40,"column":51}},"10":{"start":{"line":43,"column":0},"end":{"line":43,"column":68}},"11":{"start":{"line":46,"column":0},"end":{"line":46,"column":27}},"12":{"start":{"line":48,"column":0},"end":{"line":51,"column":5}},"13":{"start":{"line":49,"column":4},"end":{"line":49,"column":62}},"14":{"start":{"line":50,"column":4},"end":{"line":50,"column":75}},"15":{"start":{"line":54,"column":0},"end":{"line":54,"column":19}}},"fnMap":{"0":{"name":"(anonymous_1)","decl":{"start":{"line":48,"column":17},"end":{"line":48,"column":20}},"loc":{"start":{"line":48,"column":22},"end":{"line":51,"column":3}}}},"branchMap":{"0":{"loc":{"start":{"line":35,"column":13},"end":{"line":35,"column":37}},"type":"binary-expr","locations":[{"start":{"line":35,"column":13},"end":{"line":35,"column":29}},{"start":{"line":35,"column":33},"end":{"line":35,"column":37}}]}},"s":{"0":1,"1":1,"2":1,"3":1,"4":1,"5":1,"6":1,"7":1,"8":1,"9":1,"10":1,"11":1,"12":1,"13":1,"14":1,"15":1},"f":{"0":1},"b":{"0":[1,1]}}
,"C:\\Users\\Dell\\Documents\\GitHub\\challenge-backend-dev\\src\\controllers\\orders.controller.ts": {"path":"C:\\Users\\Dell\\Documents\\GitHub\\challenge-backend-dev\\src\\controllers\\orders.controller.ts","statementMap":{"0":{"start":{"line":2,"column":0},"end":{"line":2,"column":131}},"1":{"start":{"line":3,"column":0},"end":{"line":3,"column":52}},"2":{"start":{"line":4,"column":0},"end":{"line":4,"column":22}},"3":{"start":{"line":7,"column":20},"end":{"line":19,"column":2}},"4":{"start":{"line":22,"column":23},"end":{"line":42,"column":2}},"5":{"start":{"line":47,"column":27},"end":{"line":62,"column":1}},"6":{"start":{"line":48,"column":2},"end":{"line":61,"column":3}},"7":{"start":{"line":49,"column":22},"end":{"line":49,"column":52}},"8":{"start":{"line":50,"column":4},"end":{"line":53,"column":5}},"9":{"start":{"line":51,"column":6},"end":{"line":51,"column":69}},"10":{"start":{"line":52,"column":6},"end":{"line":52,"column":73}},"11":{"start":{"line":55,"column":22},"end":{"line":55,"column":30}},"12":{"start":{"line":56,"column":21},"end":{"line":56,"column":56}},"13":{"start":{"line":57,"column":4},"end":{"line":57,"column":42}},"14":{"start":{"line":59,"column":4},"end":{"line":59,"column":50}},"15":{"start":{"line":60,"column":4},"end":{"line":60,"column":84}},"16":{"start":{"line":47,"column":13},"end":{"line":47,"column":27}},"17":{"start":{"line":67,"column":27},"end":{"line":81,"column":1}},"18":{"start":{"line":68,"column":2},"end":{"line":80,"column":3}},"19":{"start":{"line":69,"column":24},"end":{"line":69,"column":34}},"20":{"start":{"line":70,"column":19},"end":{"line":70,"column":60}},"21":{"start":{"line":72,"column":4},"end":{"line":74,"column":5}},"22":{"start":{"line":73,"column":6},"end":{"line":73,"column":66}},"23":{"start":{"line":76,"column":4},"end":{"line":76,"column":65}},"24":{"start":{"line":78,"column":4},"end":{"line":78,"column":52}},"25":{"start":{"line":79,"column":4},"end":{"line":79,"column":52}},"26":{"start":{"line":67,"column":13},"end":{"line":67,"column":27}},"27":{"start":{"line":86,"column":31},"end":{"line":106,"column":1}},"28":{"start":{"line":87,"column":2},"end":{"line":105,"column":3}},"29":{"start":{"line":88,"column":24},"end":{"line":88,"column":34}},"30":{"start":{"line":91,"column":18},"end":{"line":91,"column":63}},"31":{"start":{"line":94,"column":4},"end":{"line":94,"column":39}},"32":{"start":{"line":96,"column":4},"end":{"line":96,"column":58}},"33":{"start":{"line":99,"column":4},"end":{"line":101,"column":5}},"34":{"start":{"line":100,"column":6},"end":{"line":100,"column":75}},"35":{"start":{"line":104,"column":4},"end":{"line":104,"column":70}},"36":{"start":{"line":86,"column":13},"end":{"line":86,"column":31}},"37":{"start":{"line":112,"column":30},"end":{"line":162,"column":1}},"38":{"start":{"line":113,"column":2},"end":{"line":161,"column":3}},"39":{"start":{"line":115,"column":4},"end":{"line":115,"column":null}},"40":{"start":{"line":116,"column":22},"end":{"line":116,"column":55}},"41":{"start":{"line":117,"column":4},"end":{"line":117,"column":null}},"42":{"start":{"line":119,"column":25},"end":{"line":119,"column":33}},"43":{"start":{"line":122,"column":22},"end":{"line":122,"column":24}},"44":{"start":{"line":125,"column":0},"end":{"line":125,"column":51}},"45":{"start":{"line":125,"column":24},"end":{"line":125,"column":51}},"46":{"start":{"line":126,"column":0},"end":{"line":126,"column":51}},"47":{"start":{"line":126,"column":24},"end":{"line":126,"column":51}},"48":{"start":{"line":130,"column":20},"end":{"line":130,"column":22}},"49":{"start":{"line":131,"column":0},"end":{"line":131,"column":135}},"50":{"start":{"line":131,"column":94},"end":{"line":131,"column":135}},"51":{"start":{"line":132,"column":0},"end":{"line":132,"column":101}},"52":{"start":{"line":132,"column":57},"end":{"line":132,"column":101}},"53":{"start":{"line":136,"column":0},"end":{"line":151,"column":1}},"54":{"start":{"line":137,"column":23},"end":{"line":137,"column":25}},"55":{"start":{"line":139,"column":2},"end":{"line":141,"column":3}},"56":{"start":{"line":140,"column":4},"end":{"line":140,"column":78}},"57":{"start":{"line":142,"column":2},"end":{"line":144,"column":3}},"58":{"start":{"line":143,"column":4},"end":{"line":143,"column":48}},"59":{"start":{"line":147,"column":2},"end":{"line":147,"column":67}},"60":{"start":{"line":150,"column":2},"end":{"line":150,"column":68}},"61":{"start":{"line":155,"column":24},"end":{"line":155,"column":65}},"62":{"start":{"line":157,"column":4},"end":{"line":157,"column":104}},"63":{"start":{"line":159,"column":4},"end":{"line":159,"column":53}},"64":{"start":{"line":160,"column":4},"end":{"line":160,"column":93}},"65":{"start":{"line":112,"column":13},"end":{"line":112,"column":30}}},"fnMap":{"0":{"name":"(anonymous_1)","decl":{"start":{"line":47,"column":27},"end":{"line":47,"column":32}},"loc":{"start":{"line":47,"column":84},"end":{"line":62,"column":1}}},"1":{"name":"(anonymous_2)","decl":{"start":{"line":67,"column":27},"end":{"line":67,"column":32}},"loc":{"start":{"line":67,"column":84},"end":{"line":81,"column":1}}},"2":{"name":"(anonymous_3)","decl":{"start":{"line":86,"column":31},"end":{"line":86,"column":36}},"loc":{"start":{"line":86,"column":88},"end":{"line":106,"column":1}}},"3":{"name":"(anonymous_4)","decl":{"start":{"line":112,"column":30},"end":{"line":112,"column":35}},"loc":{"start":{"line":112,"column":87},"end":{"line":162,"column":1}}}},"branchMap":{"0":{"loc":{"start":{"line":50,"column":4},"end":{"line":53,"column":5}},"type":"if","locations":[{"start":{"line":50,"column":4},"end":{"line":53,"column":5}}]},"1":{"loc":{"start":{"line":72,"column":4},"end":{"line":74,"column":5}},"type":"if","locations":[{"start":{"line":72,"column":4},"end":{"line":74,"column":5}}]},"2":{"loc":{"start":{"line":99,"column":4},"end":{"line":101,"column":5}},"type":"if","locations":[{"start":{"line":99,"column":4},"end":{"line":101,"column":5}}]},"3":{"loc":{"start":{"line":125,"column":0},"end":{"line":125,"column":51}},"type":"if","locations":[{"start":{"line":125,"column":0},"end":{"line":125,"column":51}}]},"4":{"loc":{"start":{"line":126,"column":0},"end":{"line":126,"column":51}},"type":"if","locations":[{"start":{"line":126,"column":0},"end":{"line":126,"column":51}}]},"5":{"loc":{"start":{"line":131,"column":0},"end":{"line":131,"column":135}},"type":"if","locations":[{"start":{"line":131,"column":0},"end":{"line":131,"column":135}}]},"6":{"loc":{"start":{"line":131,"column":4},"end":{"line":131,"column":92}},"type":"binary-expr","locations":[{"start":{"line":131,"column":4},"end":{"line":131,"column":21}},{"start":{"line":131,"column":25},"end":{"line":131,"column":56}},{"start":{"line":131,"column":60},"end":{"line":131,"column":92}}]},"7":{"loc":{"start":{"line":132,"column":0},"end":{"line":132,"column":101}},"type":"if","locations":[{"start":{"line":132,"column":0},"end":{"line":132,"column":101}}]},"8":{"loc":{"start":{"line":132,"column":4},"end":{"line":132,"column":55}},"type":"binary-expr","locations":[{"start":{"line":132,"column":4},"end":{"line":132,"column":21}},{"start":{"line":132,"column":25},"end":{"line":132,"column":55}}]},"9":{"loc":{"start":{"line":136,"column":0},"end":{"line":151,"column":1}},"type":"if","locations":[{"start":{"line":136,"column":0},"end":{"line":151,"column":1}}]},"10":{"loc":{"start":{"line":136,"column":4},"end":{"line":136,"column":56}},"type":"binary-expr","locations":[{"start":{"line":136,"column":4},"end":{"line":136,"column":28}},{"start":{"line":136,"column":32},"end":{"line":136,"column":56}}]},"11":{"loc":{"start":{"line":139,"column":2},"end":{"line":141,"column":3}},"type":"if","locations":[{"start":{"line":139,"column":2},"end":{"line":141,"column":3}}]},"12":{"loc":{"start":{"line":142,"column":2},"end":{"line":144,"column":3}},"type":"if","locations":[{"start":{"line":142,"column":2},"end":{"line":144,"column":3}}]}},"s":{"0":1,"1":1,"2":1,"3":1,"4":1,"5":1,"6":2,"7":2,"8":2,"9":1,"10":1,"11":1,"12":1,"13":1,"14":0,"15":0,"16":1,"17":1,"18":0,"19":0,"20":0,"21":0,"22":0,"23":0,"24":0,"25":0,"26":1,"27":1,"28":2,"29":2,"30":2,"31":0,"32":2,"33":2,"34":2,"35":0,"36":1,"37":1,"38":4,"39":4,"40":4,"41":4,"42":4,"43":4,"44":4,"45":1,"46":4,"47":1,"48":4,"49":4,"50":0,"51":4,"52":2,"53":4,"54":3,"55":3,"56":1,"57":3,"58":2,"59":3,"60":3,"61":1,"62":1,"63":0,"64":0,"65":1},"f":{"0":2,"1":0,"2":2,"3":4},"b":{"0":[1],"1":[0],"2":[2],"3":[1],"4":[1],"5":[0],"6":[4,3,0],"7":[2],"8":[4,3],"9":[3],"10":[4,3],"11":[1],"12":[2]}}
,"C:\\Users\\Dell\\Documents\\GitHub\\challenge-backend-dev\\src\\controllers\\portfolio.controller.ts": {"path":"C:\\Users\\Dell\\Documents\\GitHub\\challenge-backend-dev\\src\\controllers\\portfolio.controller.ts","statementMap":{"0":{"start":{"line":2,"column":0},"end":{"line":2,"column":86}},"1":{"start":{"line":3,"column":0},"end":{"line":3,"column":52}},"2":{"start":{"line":9,"column":28},"end":{"line":26,"column":1}},"3":{"start":{"line":10,"column":2},"end":{"line":25,"column":3}},"4":{"start":{"line":11,"column":19},"end":{"line":11,"column":44}},"5":{"start":{"line":12,"column":22},"end":{"line":12,"column":52}},"6":{"start":{"line":14,"column":4},"end":{"line":16,"column":5}},"7":{"start":{"line":15,"column":6},"end":{"line":15,"column":70}},"8":{"start":{"line":18,"column":4},"end":{"line":18,"column":43}},"9":{"start":{"line":20,"column":4},"end":{"line":22,"column":5}},"10":{"start":{"line":21,"column":6},"end":{"line":21,"column":75}},"11":{"start":{"line":24,"column":4},"end":{"line":24,"column":70}},"12":{"start":{"line":9,"column":13},"end":{"line":9,"column":28}},"13":{"start":{"line":30,"column":28},"end":{"line":60,"column":1}},"14":{"start":{"line":31,"column":2},"end":{"line":59,"column":3}},"15":{"start":{"line":32,"column":29},"end":{"line":32,"column":38}},"16":{"start":{"line":35,"column":4},"end":{"line":39,"column":5}},"17":{"start":{"line":36,"column":6},"end":{"line":38,"column":9}},"18":{"start":{"line":42,"column":19},"end":{"line":42,"column":78}},"19":{"start":{"line":45,"column":4},"end":{"line":49,"column":5}},"20":{"start":{"line":46,"column":6},"end":{"line":48,"column":9}},"21":{"start":{"line":52,"column":4},"end":{"line":52,"column":40}},"22":{"start":{"line":54,"column":4},"end":{"line":54,"column":49}},"23":{"start":{"line":55,"column":4},"end":{"line":58,"column":7}},"24":{"start":{"line":30,"column":13},"end":{"line":30,"column":28}}},"fnMap":{"0":{"name":"(anonymous_0)","decl":{"start":{"line":9,"column":28},"end":{"line":9,"column":33}},"loc":{"start":{"line":9,"column":85},"end":{"line":26,"column":1}}},"1":{"name":"(anonymous_1)","decl":{"start":{"line":30,"column":28},"end":{"line":30,"column":33}},"loc":{"start":{"line":30,"column":85},"end":{"line":60,"column":1}}}},"branchMap":{"0":{"loc":{"start":{"line":14,"column":4},"end":{"line":16,"column":5}},"type":"if","locations":[{"start":{"line":14,"column":4},"end":{"line":16,"column":5}}]},"1":{"loc":{"start":{"line":20,"column":4},"end":{"line":22,"column":5}},"type":"if","locations":[{"start":{"line":20,"column":4},"end":{"line":22,"column":5}}]},"2":{"loc":{"start":{"line":35,"column":4},"end":{"line":39,"column":5}},"type":"if","locations":[{"start":{"line":35,"column":4},"end":{"line":39,"column":5}}]},"3":{"loc":{"start":{"line":35,"column":8},"end":{"line":35,"column":24}},"type":"binary-expr","locations":[{"start":{"line":35,"column":8},"end":{"line":35,"column":15}},{"start":{"line":35,"column":19},"end":{"line":35,"column":24}}]},"4":{"loc":{"start":{"line":45,"column":4},"end":{"line":49,"column":5}},"type":"if","locations":[{"start":{"line":45,"column":4},"end":{"line":49,"column":5}}]},"5":{"loc":{"start":{"line":57,"column":13},"end":{"line":57,"column":69}},"type":"cond-expr","locations":[{"start":{"line":57,"column":38},"end":{"line":57,"column":51}},{"start":{"line":57,"column":54},"end":{"line":57,"column":69}}]}},"s":{"0":2,"1":2,"2":2,"3":2,"4":2,"5":2,"6":1,"7":0,"8":1,"9":1,"10":1,"11":0,"12":2,"13":2,"14":6,"15":6,"16":6,"17":2,"18":4,"19":2,"20":1,"21":1,"22":2,"23":2,"24":2},"f":{"0":2,"1":6},"b":{"0":[0],"1":[1],"2":[2],"3":[6,2],"4":[1],"5":[2,0]}}
,"C:\\Users\\Dell\\Documents\\GitHub\\challenge-backend-dev\\src\\database\\index.ts": {"path":"C:\\Users\\Dell\\Documents\\GitHub\\challenge-backend-dev\\src\\database\\index.ts","statementMap":{"0":{"start":{"line":1,"column":0},"end":{"line":1,"column":38}},"1":{"start":{"line":2,"column":0},"end":{"line":2,"column":28}},"2":{"start":{"line":4,"column":0},"end":{"line":4,"column":16}},"3":{"start":{"line":6,"column":18},"end":{"line":15,"column":null}},"4":{"start":{"line":19,"column":0},"end":{"line":19,"column":25}}},"fnMap":{},"branchMap":{"0":{"loc":{"start":{"line":7,"column":2},"end":{"line":7,"column":34}},"type":"binary-expr","locations":[{"start":{"line":7,"column":2},"end":{"line":7,"column":21}},{"start":{"line":7,"column":25},"end":{"line":7,"column":34}}]},"1":{"loc":{"start":{"line":8,"column":2},"end":{"line":8,"column":31}},"type":"binary-expr","locations":[{"start":{"line":8,"column":2},"end":{"line":8,"column":21}},{"start":{"line":8,"column":25},"end":{"line":8,"column":31}}]},"2":{"loc":{"start":{"line":9,"column":2},"end":{"line":9,"column":43}},"type":"binary-expr","locations":[{"start":{"line":9,"column":2},"end":{"line":9,"column":25}},{"start":{"line":9,"column":29},"end":{"line":9,"column":43}}]},"3":{"loc":{"start":{"line":11,"column":10},"end":{"line":11,"column":44}},"type":"binary-expr","locations":[{"start":{"line":11,"column":10},"end":{"line":11,"column":29}},{"start":{"line":11,"column":33},"end":{"line":11,"column":44}}]},"4":{"loc":{"start":{"line":12,"column":19},"end":{"line":12,"column":48}},"type":"binary-expr","locations":[{"start":{"line":12,"column":19},"end":{"line":12,"column":38}},{"start":{"line":12,"column":42},"end":{"line":12,"column":48}}]}},"s":{"0":2,"1":2,"2":2,"3":2,"4":2},"f":{},"b":{"0":[2,2],"1":[2,2],"2":[2,2],"3":[2,2],"4":[2,2]}}
,"C:\\Users\\Dell\\Documents\\GitHub\\challenge-backend-dev\\src\\errors\\CustomError.ts": {"path":"C:\\Users\\Dell\\Documents\\GitHub\\challenge-backend-dev\\src\\errors\\CustomError.ts","statementMap":{"0":{"start":{"line":10,"column":4},"end":{"line":10,"column":19}},"1":{"start":{"line":11,"column":4},"end":{"line":11,"column":33}},"2":{"start":{"line":12,"column":4},"end":{"line":12,"column":30}},"3":{"start":{"line":15,"column":4},"end":{"line":17,"column":5}},"4":{"start":{"line":16,"column":6},"end":{"line":16,"column":49}},"5":{"start":{"line":6,"column":0},"end":{"line":6,"column":13}}},"fnMap":{"0":{"name":"(anonymous_0)","decl":{"start":{"line":9,"column":2},"end":{"line":9,"column":14}},"loc":{"start":{"line":9,"column":49},"end":{"line":18,"column":3}}}},"branchMap":{"0":{"loc":{"start":{"line":15,"column":4},"end":{"line":17,"column":5}},"type":"if","locations":[{"start":{"line":15,"column":4},"end":{"line":17,"column":5}}]}},"s":{"0":14,"1":14,"2":14,"3":14,"4":14,"5":4},"f":{"0":14},"b":{"0":[14]}}
,"C:\\Users\\Dell\\Documents\\GitHub\\challenge-backend-dev\\src\\models\\instrument.model.ts": {"path":"C:\\Users\\Dell\\Documents\\GitHub\\challenge-backend-dev\\src\\models\\instrument.model.ts","statementMap":{"0":{"start":{"line":1,"column":0},"end":{"line":1,"column":55}},"1":{"start":{"line":2,"column":0},"end":{"line":2,"column":36}},"2":{"start":{"line":23,"column":0},"end":{"line":49,"column":2}},"3":{"start":{"line":51,"column":0},"end":{"line":51,"column":26}}},"fnMap":{},"branchMap":{},"s":{"0":2,"1":2,"2":2,"3":2},"f":{},"b":{}}
,"C:\\Users\\Dell\\Documents\\GitHub\\challenge-backend-dev\\src\\models\\marketdata.model.ts": {"path":"C:\\Users\\Dell\\Documents\\GitHub\\challenge-backend-dev\\src\\models\\marketdata.model.ts","statementMap":{"0":{"start":{"line":1,"column":0},"end":{"line":1,"column":55}},"1":{"start":{"line":2,"column":0},"end":{"line":2,"column":36}},"2":{"start":{"line":31,"column":0},"end":{"line":72,"column":2}},"3":{"start":{"line":74,"column":0},"end":{"line":74,"column":26}}},"fnMap":{},"branchMap":{},"s":{"0":2,"1":2,"2":2,"3":2},"f":{},"b":{}}
,"C:\\Users\\Dell\\Documents\\GitHub\\challenge-backend-dev\\src\\models\\orders.model.ts": {"path":"C:\\Users\\Dell\\Documents\\GitHub\\challenge-backend-dev\\src\\models\\orders.model.ts","statementMap":{"0":{"start":{"line":1,"column":0},"end":{"line":1,"column":68}},"1":{"start":{"line":2,"column":0},"end":{"line":2,"column":36}},"2":{"start":{"line":3,"column":0},"end":{"line":3,"column":45}},"3":{"start":{"line":43,"column":0},"end":{"line":88,"column":2}},"4":{"start":{"line":91,"column":0},"end":{"line":94,"column":3}},"5":{"start":{"line":96,"column":0},"end":{"line":96,"column":21}}},"fnMap":{},"branchMap":{},"s":{"0":2,"1":2,"2":2,"3":2,"4":2,"5":2},"f":{},"b":{}}
,"C:\\Users\\Dell\\Documents\\GitHub\\challenge-backend-dev\\src\\routes\\index.ts": {"path":"C:\\Users\\Dell\\Documents\\GitHub\\challenge-backend-dev\\src\\routes\\index.ts","statementMap":{"0":{"start":{"line":1,"column":0},"end":{"line":1,"column":33}},"1":{"start":{"line":2,"column":0},"end":{"line":2,"column":49}},"2":{"start":{"line":3,"column":0},"end":{"line":3,"column":41}},"3":{"start":{"line":5,"column":15},"end":{"line":5,"column":23}},"4":{"start":{"line":10,"column":0},"end":{"line":10,"column":42}},"5":{"start":{"line":11,"column":0},"end":{"line":11,"column":35}},"6":{"start":{"line":13,"column":0},"end":{"line":13,"column":22}}},"fnMap":{},"branchMap":{},"s":{"0":1,"1":1,"2":1,"3":1,"4":1,"5":1,"6":1},"f":{},"b":{}}
,"C:\\Users\\Dell\\Documents\\GitHub\\challenge-backend-dev\\src\\routes\\order.routes.ts": {"path":"C:\\Users\\Dell\\Documents\\GitHub\\challenge-backend-dev\\src\\routes\\order.routes.ts","statementMap":{"0":{"start":{"line":1,"column":0},"end":{"line":1,"column":66}},"1":{"start":{"line":2,"column":0},"end":{"line":2,"column":null}},"2":{"start":{"line":10,"column":2},"end":{"line":12,"column":4}},"3":{"start":{"line":11,"column":4},"end":{"line":11,"column":59}},"4":{"start":{"line":14,"column":15},"end":{"line":14,"column":23}},"5":{"start":{"line":51,"column":0},"end":{"line":51,"column":44}},"6":{"start":{"line":114,"column":0},"end":{"line":114,"column":59}},"7":{"start":{"line":202,"column":0},"end":{"line":202,"column":55}},"8":{"start":{"line":283,"column":0},"end":{"line":283,"column":55}},"9":{"start":{"line":286,"column":0},"end":{"line":286,"column":22}}},"fnMap":{"0":{"name":"asyncHandler","decl":{"start":{"line":9,"column":9},"end":{"line":9,"column":21}},"loc":{"start":{"line":9,"column":34},"end":{"line":13,"column":1}}},"1":{"name":"(anonymous_1)","decl":{"start":{"line":10,"column":9},"end":{"line":10,"column":19}},"loc":{"start":{"line":10,"column":66},"end":{"line":12,"column":3}}}},"branchMap":{},"s":{"0":1,"1":1,"2":4,"3":8,"4":1,"5":1,"6":1,"7":1,"8":1,"9":1},"f":{"0":4,"1":8},"b":{}}
,"C:\\Users\\Dell\\Documents\\GitHub\\challenge-backend-dev\\src\\routes\\portfolio.routes.ts": {"path":"C:\\Users\\Dell\\Documents\\GitHub\\challenge-backend-dev\\src\\routes\\portfolio.routes.ts","statementMap":{"0":{"start":{"line":1,"column":0},"end":{"line":1,"column":66}},"1":{"start":{"line":3,"column":0},"end":{"line":3,"column":null}},"2":{"start":{"line":8,"column":15},"end":{"line":8,"column":23}},"3":{"start":{"line":11,"column":2},"end":{"line":13,"column":4}},"4":{"start":{"line":12,"column":4},"end":{"line":12,"column":59}},"5":{"start":{"line":16,"column":0},"end":{"line":20,"column":3}},"6":{"start":{"line":17,"column":2},"end":{"line":19,"column":5}},"7":{"start":{"line":44,"column":0},"end":{"line":44,"column":51}},"8":{"start":{"line":70,"column":0},"end":{"line":70,"column":57}},"9":{"start":{"line":72,"column":0},"end":{"line":72,"column":22}}},"fnMap":{"0":{"name":"asyncHandler","decl":{"start":{"line":10,"column":9},"end":{"line":10,"column":21}},"loc":{"start":{"line":10,"column":34},"end":{"line":14,"column":1}}},"1":{"name":"(anonymous_1)","decl":{"start":{"line":11,"column":9},"end":{"line":11,"column":19}},"loc":{"start":{"line":11,"column":66},"end":{"line":13,"column":3}}},"2":{"name":"(anonymous_2)","decl":{"start":{"line":16,"column":16},"end":{"line":16,"column":17}},"loc":{"start":{"line":16,"column":29},"end":{"line":20,"column":1}}}},"branchMap":{},"s":{"0":1,"1":1,"2":1,"3":2,"4":0,"5":1,"6":0,"7":1,"8":1,"9":1},"f":{"0":2,"1":0,"2":0},"b":{}}
,"C:\\Users\\Dell\\Documents\\GitHub\\challenge-backend-dev\\src\\services\\orders.service.ts": {"path":"C:\\Users\\Dell\\Documents\\GitHub\\challenge-backend-dev\\src\\services\\orders.service.ts","statementMap":{"0":{"start":{"line":1,"column":0},"end":{"line":1,"column":43}},"1":{"start":{"line":3,"column":0},"end":{"line":3,"column":52}},"2":{"start":{"line":8,"column":34},"end":{"line":44,"column":1}},"3":{"start":{"line":9,"column":2},"end":{"line":43,"column":3}},"4":{"start":{"line":11,"column":4},"end":{"line":13,"column":5}},"5":{"start":{"line":12,"column":6},"end":{"line":12,"column":56}},"6":{"start":{"line":16,"column":4},"end":{"line":18,"column":5}},"7":{"start":{"line":17,"column":6},"end":{"line":17,"column":50}},"8":{"start":{"line":21,"column":50},"end":{"line":26,"column":6}},"9":{"start":{"line":29,"column":4},"end":{"line":38,"column":5}},"10":{"start":{"line":30,"column":23},"end":{"line":30,"column":55}},"11":{"start":{"line":31,"column":6},"end":{"line":31,"column":22}},"12":{"start":{"line":33,"column":6},"end":{"line":33,"column":63}},"13":{"start":{"line":34,"column":6},"end":{"line":36,"column":7}},"14":{"start":{"line":35,"column":8},"end":{"line":35,"column":71}},"15":{"start":{"line":37,"column":6},"end":{"line":37,"column":59}},"16":{"start":{"line":41,"column":4},"end":{"line":41,"column":61}},"17":{"start":{"line":42,"column":4},"end":{"line":42,"column":16}},"18":{"start":{"line":8,"column":13},"end":{"line":8,"column":34}},"19":{"start":{"line":49,"column":34},"end":{"line":74,"column":1}},"20":{"start":{"line":50,"column":2},"end":{"line":73,"column":3}},"21":{"start":{"line":52,"column":18},"end":{"line":52,"column":47}},"22":{"start":{"line":53,"column":4},"end":{"line":56,"column":5}},"23":{"start":{"line":54,"column":6},"end":{"line":54,"column":58}},"24":{"start":{"line":55,"column":6},"end":{"line":55,"column":52}},"25":{"start":{"line":58,"column":4},"end":{"line":60,"column":5}},"26":{"start":{"line":59,"column":6},"end":{"line":59,"column":87}},"27":{"start":{"line":63,"column":4},"end":{"line":63,"column":31}},"28":{"start":{"line":64,"column":4},"end":{"line":64,"column":23}},"29":{"start":{"line":65,"column":4},"end":{"line":65,"column":68}},"30":{"start":{"line":66,"column":4},"end":{"line":66,"column":55}},"31":{"start":{"line":68,"column":4},"end":{"line":68,"column":52}},"32":{"start":{"line":69,"column":4},"end":{"line":71,"column":5}},"33":{"start":{"line":70,"column":6},"end":{"line":70,"column":18}},"34":{"start":{"line":72,"column":4},"end":{"line":72,"column":118}},"35":{"start":{"line":49,"column":13},"end":{"line":49,"column":34}},"36":{"start":{"line":79,"column":38},"end":{"line":97,"column":1}},"37":{"start":{"line":80,"column":2},"end":{"line":96,"column":3}},"38":{"start":{"line":81,"column":18},"end":{"line":81,"column":47}},"39":{"start":{"line":83,"column":4},"end":{"line":85,"column":5}},"40":{"start":{"line":84,"column":6},"end":{"line":84,"column":52}},"41":{"start":{"line":87,"column":4},"end":{"line":87,"column":17}},"42":{"start":{"line":89,"column":4},"end":{"line":89,"column":58}},"43":{"start":{"line":91,"column":4},"end":{"line":93,"column":5}},"44":{"start":{"line":92,"column":6},"end":{"line":92,"column":18}},"45":{"start":{"line":95,"column":4},"end":{"line":95,"column":64}},"46":{"start":{"line":79,"column":13},"end":{"line":79,"column":38}},"47":{"start":{"line":102,"column":37},"end":{"line":129,"column":1}},"48":{"start":{"line":103,"column":2},"end":{"line":128,"column":3}},"49":{"start":{"line":104,"column":4},"end":{"line":104,"column":48}},"50":{"start":{"line":105,"column":4},"end":{"line":107,"column":5}},"51":{"start":{"line":106,"column":6},"end":{"line":106,"column":59}},"52":{"start":{"line":109,"column":39},"end":{"line":118,"column":6}},"53":{"start":{"line":120,"column":24},"end":{"line":120,"column":66}},"54":{"start":{"line":121,"column":4},"end":{"line":121,"column":23}},"55":{"start":{"line":123,"column":4},"end":{"line":123,"column":53}},"56":{"start":{"line":124,"column":4},"end":{"line":126,"column":5}},"57":{"start":{"line":125,"column":6},"end":{"line":125,"column":18}},"58":{"start":{"line":127,"column":4},"end":{"line":127,"column":119}},"59":{"start":{"line":102,"column":13},"end":{"line":102,"column":37}}},"fnMap":{"0":{"name":"(anonymous_1)","decl":{"start":{"line":8,"column":34},"end":{"line":8,"column":39}},"loc":{"start":{"line":8,"column":81},"end":{"line":44,"column":1}}},"1":{"name":"(anonymous_2)","decl":{"start":{"line":49,"column":34},"end":{"line":49,"column":39}},"loc":{"start":{"line":49,"column":90},"end":{"line":74,"column":1}}},"2":{"name":"(anonymous_3)","decl":{"start":{"line":79,"column":38},"end":{"line":79,"column":43}},"loc":{"start":{"line":79,"column":80},"end":{"line":97,"column":1}}},"3":{"name":"(anonymous_4)","decl":{"start":{"line":102,"column":37},"end":{"line":102,"column":42}},"loc":{"start":{"line":102,"column":87},"end":{"line":129,"column":1}}}},"branchMap":{"0":{"loc":{"start":{"line":11,"column":4},"end":{"line":13,"column":5}},"type":"if","locations":[{"start":{"line":11,"column":4},"end":{"line":13,"column":5}}]},"1":{"loc":{"start":{"line":11,"column":8},"end":{"line":11,"column":89}},"type":"binary-expr","locations":[{"start":{"line":11,"column":8},"end":{"line":11,"column":25}},{"start":{"line":11,"column":29},"end":{"line":11,"column":44}},{"start":{"line":11,"column":48},"end":{"line":11,"column":70}},{"start":{"line":11,"column":74},"end":{"line":11,"column":89}}]},"2":{"loc":{"start":{"line":16,"column":4},"end":{"line":18,"column":5}},"type":"if","locations":[{"start":{"line":16,"column":4},"end":{"line":18,"column":5}}]},"3":{"loc":{"start":{"line":16,"column":8},"end":{"line":16,"column":81}},"type":"binary-expr","locations":[{"start":{"line":16,"column":8},"end":{"line":16,"column":31}},{"start":{"line":16,"column":35},"end":{"line":16,"column":57}},{"start":{"line":16,"column":61},"end":{"line":16,"column":81}}]},"4":{"loc":{"start":{"line":23,"column":14},"end":{"line":23,"column":39}},"type":"binary-expr","locations":[{"start":{"line":23,"column":14},"end":{"line":23,"column":30}},{"start":{"line":23,"column":34},"end":{"line":23,"column":39}}]},"5":{"loc":{"start":{"line":24,"column":16},"end":{"line":24,"column":78}},"type":"cond-expr","locations":[{"start":{"line":24,"column":37},"end":{"line":24,"column":65}},{"start":{"line":24,"column":68},"end":{"line":24,"column":78}}]},"6":{"loc":{"start":{"line":34,"column":6},"end":{"line":36,"column":7}},"type":"if","locations":[{"start":{"line":34,"column":6},"end":{"line":36,"column":7}}]},"7":{"loc":{"start":{"line":53,"column":4},"end":{"line":56,"column":5}},"type":"if","locations":[{"start":{"line":53,"column":4},"end":{"line":56,"column":5}}]},"8":{"loc":{"start":{"line":58,"column":4},"end":{"line":60,"column":5}},"type":"if","locations":[{"start":{"line":58,"column":4},"end":{"line":60,"column":5}}]},"9":{"loc":{"start":{"line":69,"column":4},"end":{"line":71,"column":5}},"type":"if","locations":[{"start":{"line":69,"column":4},"end":{"line":71,"column":5}}]},"10":{"loc":{"start":{"line":72,"column":53},"end":{"line":72,"column":109}},"type":"cond-expr","locations":[{"start":{"line":72,"column":78},"end":{"line":72,"column":91}},{"start":{"line":72,"column":94},"end":{"line":72,"column":109}}]},"11":{"loc":{"start":{"line":83,"column":4},"end":{"line":85,"column":5}},"type":"if","locations":[{"start":{"line":83,"column":4},"end":{"line":85,"column":5}}]},"12":{"loc":{"start":{"line":91,"column":4},"end":{"line":93,"column":5}},"type":"if","locations":[{"start":{"line":91,"column":4},"end":{"line":93,"column":5}}]},"13":{"loc":{"start":{"line":91,"column":8},"end":{"line":91,"column":75}},"type":"binary-expr","locations":[{"start":{"line":91,"column":8},"end":{"line":91,"column":36}},{"start":{"line":91,"column":40},"end":{"line":91,"column":75}}]},"14":{"loc":{"start":{"line":105,"column":4},"end":{"line":107,"column":5}},"type":"if","locations":[{"start":{"line":105,"column":4},"end":{"line":107,"column":5}}]},"15":{"loc":{"start":{"line":105,"column":8},"end":{"line":105,"column":113}},"type":"binary-expr","locations":[{"start":{"line":105,"column":8},"end":{"line":105,"column":28}},{"start":{"line":105,"column":32},"end":{"line":105,"column":50}},{"start":{"line":105,"column":54},"end":{"line":105,"column":79}},{"start":{"line":105,"column":83},"end":{"line":105,"column":113}}]},"16":{"loc":{"start":{"line":114,"column":13},"end":{"line":114,"column":36}},"type":"binary-expr","locations":[{"start":{"line":114,"column":13},"end":{"line":114,"column":31}},{"start":{"line":114,"column":35},"end":{"line":114,"column":36}}]},"17":{"loc":{"start":{"line":124,"column":4},"end":{"line":126,"column":5}},"type":"if","locations":[{"start":{"line":124,"column":4},"end":{"line":126,"column":5}}]},"18":{"loc":{"start":{"line":127,"column":54},"end":{"line":127,"column":110}},"type":"cond-expr","locations":[{"start":{"line":127,"column":79},"end":{"line":127,"column":92}},{"start":{"line":127,"column":95},"end":{"line":127,"column":110}}]}},"s":{"0":2,"1":2,"2":2,"3":6,"4":6,"5":1,"6":5,"7":2,"8":3,"9":3,"10":3,"11":2,"12":1,"13":1,"14":1,"15":0,"16":4,"17":4,"18":2,"19":2,"20":5,"21":5,"22":5,"23":0,"24":0,"25":5,"26":4,"27":1,"28":1,"29":1,"30":1,"31":0,"32":0,"33":0,"34":0,"35":2,"36":2,"37":5,"38":5,"39":3,"40":2,"41":1,"42":4,"43":4,"44":2,"45":2,"46":2,"47":2,"48":5,"49":5,"50":5,"51":2,"52":3,"53":3,"54":2,"55":3,"56":3,"57":2,"58":1,"59":2},"f":{"0":6,"1":5,"2":5,"3":5},"b":{"0":[1],"1":[6,5,5,5],"2":[2],"3":[5,4,4],"4":[3,0],"5":[3,0],"6":[1],"7":[0],"8":[4],"9":[0],"10":[0,0],"11":[2],"12":[2],"13":[4,2],"14":[2],"15":[5,4,4,4],"16":[3,1],"17":[2],"18":[1,0]}}
,"C:\\Users\\Dell\\Documents\\GitHub\\challenge-backend-dev\\src\\services\\portfolio.service.ts": {"path":"C:\\Users\\Dell\\Documents\\GitHub\\challenge-backend-dev\\src\\services\\portfolio.service.ts","statementMap":{"0":{"start":{"line":1,"column":0},"end":{"line":1,"column":44}},"1":{"start":{"line":2,"column":0},"end":{"line":2,"column":53}},"2":{"start":{"line":3,"column":0},"end":{"line":3,"column":52}},"3":{"start":{"line":4,"column":0},"end":{"line":4,"column":31}},"4":{"start":{"line":5,"column":0},"end":{"line":5,"column":52}},"5":{"start":{"line":22,"column":32},"end":{"line":151,"column":1}},"6":{"start":{"line":24,"column":2},"end":{"line":150,"column":3}},"7":{"start":{"line":26,"column":19},"end":{"line":29,"column":6}},"8":{"start":{"line":31,"column":4},"end":{"line":31,"column":48}},"9":{"start":{"line":33,"column":4},"end":{"line":35,"column":5}},"10":{"start":{"line":34,"column":6},"end":{"line":34,"column":58}},"11":{"start":{"line":38,"column":22},"end":{"line":38,"column":99}},"12":{"start":{"line":38,"column":45},"end":{"line":38,"column":98}},"13":{"start":{"line":39,"column":4},"end":{"line":39,"column":70}},"14":{"start":{"line":41,"column":26},"end":{"line":44,"column":9}},"15":{"start":{"line":42,"column":6},"end":{"line":42,"column":107}},"16":{"start":{"line":43,"column":6},"end":{"line":43,"column":76}},"17":{"start":{"line":46,"column":4},"end":{"line":46,"column":65}},"18":{"start":{"line":49,"column":24},"end":{"line":49,"column":93}},"19":{"start":{"line":49,"column":47},"end":{"line":49,"column":92}},"20":{"start":{"line":50,"column":4},"end":{"line":50,"column":57}},"21":{"start":{"line":52,"column":22},"end":{"line":75,"column":78}},"22":{"start":{"line":53,"column":6},"end":{"line":53,"column":63}},"23":{"start":{"line":53,"column":52},"end":{"line":53,"column":63}},"24":{"start":{"line":55,"column":27},"end":{"line":55,"column":45}},"25":{"start":{"line":56,"column":31},"end":{"line":60,"column":8}},"26":{"start":{"line":62,"column":26},"end":{"line":62,"column":124}},"27":{"start":{"line":63,"column":6},"end":{"line":63,"column":49}},"28":{"start":{"line":65,"column":6},"end":{"line":65,"column":135}},"29":{"start":{"line":67,"column":6},"end":{"line":74,"column":8}},"30":{"start":{"line":77,"column":4},"end":{"line":77,"column":64}},"31":{"start":{"line":79,"column":26},"end":{"line":79,"column":76}},"32":{"start":{"line":79,"column":59},"end":{"line":79,"column":75}},"33":{"start":{"line":80,"column":4},"end":{"line":80,"column":55}},"34":{"start":{"line":83,"column":23},"end":{"line":88,"column":6}},"35":{"start":{"line":90,"column":4},"end":{"line":90,"column":59}},"36":{"start":{"line":93,"column":26},"end":{"line":93,"column":85}},"37":{"start":{"line":94,"column":4},"end":{"line":99,"column":7}},"38":{"start":{"line":95,"column":6},"end":{"line":98,"column":9}},"39":{"start":{"line":101,"column":4},"end":{"line":101,"column":61}},"40":{"start":{"line":103,"column":19},"end":{"line":128,"column":65}},"41":{"start":{"line":105,"column":25},"end":{"line":105,"column":48}},"42":{"start":{"line":106,"column":21},"end":{"line":106,"column":52}},"43":{"start":{"line":108,"column":8},"end":{"line":111,"column":9}},"44":{"start":{"line":109,"column":10},"end":{"line":109,"column":129}},"45":{"start":{"line":110,"column":10},"end":{"line":110,"column":22}},"46":{"start":{"line":113,"column":28},"end":{"line":113,"column":56}},"47":{"start":{"line":114,"column":28},"end":{"line":116,"column":13}},"48":{"start":{"line":118,"column":8},"end":{"line":118,"column":160}},"49":{"start":{"line":120,"column":8},"end":{"line":126,"column":10}},"50":{"start":{"line":128,"column":50},"end":{"line":128,"column":64}},"51":{"start":{"line":130,"column":4},"end":{"line":130,"column":47}},"52":{"start":{"line":133,"column":23},"end":{"line":133,"column":95}},"53":{"start":{"line":133,"column":69},"end":{"line":133,"column":91}},"54":{"start":{"line":135,"column":4},"end":{"line":135,"column":69}},"55":{"start":{"line":137,"column":4},"end":{"line":141,"column":6}},"56":{"start":{"line":143,"column":4},"end":{"line":149,"column":5}},"57":{"start":{"line":144,"column":6},"end":{"line":144,"column":67}},"58":{"start":{"line":145,"column":6},"end":{"line":145,"column":18}},"59":{"start":{"line":147,"column":6},"end":{"line":147,"column":73}},"60":{"start":{"line":148,"column":6},"end":{"line":148,"column":85}},"61":{"start":{"line":22,"column":13},"end":{"line":22,"column":32}},"62":{"start":{"line":160,"column":35},"end":{"line":198,"column":1}},"63":{"start":{"line":161,"column":2},"end":{"line":197,"column":3}},"64":{"start":{"line":163,"column":44},"end":{"line":163,"column":46}},"65":{"start":{"line":165,"column":4},"end":{"line":169,"column":5}},"66":{"start":{"line":166,"column":6},"end":{"line":168,"column":8}},"67":{"start":{"line":171,"column":4},"end":{"line":175,"column":5}},"68":{"start":{"line":172,"column":6},"end":{"line":174,"column":8}},"69":{"start":{"line":178,"column":4},"end":{"line":181,"column":5}},"70":{"start":{"line":180,"column":6},"end":{"line":180,"column":94}},"71":{"start":{"line":184,"column":19},"end":{"line":184,"column":67}},"72":{"start":{"line":186,"column":4},"end":{"line":186,"column":18}},"73":{"start":{"line":191,"column":4},"end":{"line":195,"column":5}},"74":{"start":{"line":192,"column":6},"end":{"line":194,"column":7}},"75":{"start":{"line":193,"column":8},"end":{"line":193,"column":20}},"76":{"start":{"line":196,"column":4},"end":{"line":196,"column":68}},"77":{"start":{"line":160,"column":13},"end":{"line":160,"column":35}}},"fnMap":{"0":{"name":"(anonymous_1)","decl":{"start":{"line":22,"column":32},"end":{"line":22,"column":37}},"loc":{"start":{"line":22,"column":77},"end":{"line":151,"column":1}}},"1":{"name":"(anonymous_2)","decl":{"start":{"line":38,"column":36},"end":{"line":38,"column":41}},"loc":{"start":{"line":38,"column":45},"end":{"line":38,"column":98}}},"2":{"name":"(anonymous_3)","decl":{"start":{"line":41,"column":43},"end":{"line":41,"column":44}},"loc":{"start":{"line":41,"column":58},"end":{"line":44,"column":5}}},"3":{"name":"(anonymous_4)","decl":{"start":{"line":49,"column":38},"end":{"line":49,"column":43}},"loc":{"start":{"line":49,"column":47},"end":{"line":49,"column":92}}},"4":{"name":"(anonymous_5)","decl":{"start":{"line":52,"column":41},"end":{"line":52,"column":42}},"loc":{"start":{"line":52,"column":56},"end":{"line":75,"column":5}}},"5":{"name":"(anonymous_6)","decl":{"start":{"line":79,"column":53},"end":{"line":79,"column":55}},"loc":{"start":{"line":79,"column":59},"end":{"line":79,"column":75}}},"6":{"name":"(anonymous_7)","decl":{"start":{"line":94,"column":23},"end":{"line":94,"column":27}},"loc":{"start":{"line":94,"column":30},"end":{"line":99,"column":5}}},"7":{"name":"(anonymous_8)","decl":{"start":{"line":104,"column":11},"end":{"line":104,"column":23}},"loc":{"start":{"line":104,"column":26},"end":{"line":127,"column":7}}},"8":{"name":"(anonymous_9)","decl":{"start":{"line":128,"column":14},"end":{"line":128,"column":15}},"loc":{"start":{"line":128,"column":50},"end":{"line":128,"column":64}}},"9":{"name":"(anonymous_10)","decl":{"start":{"line":133,"column":53},"end":{"line":133,"column":54}},"loc":{"start":{"line":133,"column":69},"end":{"line":133,"column":91}}},"10":{"name":"(anonymous_11)","decl":{"start":{"line":160,"column":35},"end":{"line":160,"column":40}},"loc":{"start":{"line":160,"column":76},"end":{"line":198,"column":1}}}},"branchMap":{"0":{"loc":{"start":{"line":33,"column":4},"end":{"line":35,"column":5}},"type":"if","locations":[{"start":{"line":33,"column":4},"end":{"line":35,"column":5}}]},"1":{"loc":{"start":{"line":38,"column":45},"end":{"line":38,"column":98}},"type":"binary-expr","locations":[{"start":{"line":38,"column":45},"end":{"line":38,"column":69}},{"start":{"line":38,"column":73},"end":{"line":38,"column":98}}]},"2":{"loc":{"start":{"line":43,"column":13},"end":{"line":43,"column":75}},"type":"cond-expr","locations":[{"start":{"line":43,"column":40},"end":{"line":43,"column":56}},{"start":{"line":43,"column":59},"end":{"line":43,"column":75}}]},"3":{"loc":{"start":{"line":49,"column":47},"end":{"line":49,"column":92}},"type":"binary-expr","locations":[{"start":{"line":49,"column":47},"end":{"line":49,"column":67}},{"start":{"line":49,"column":71},"end":{"line":49,"column":92}}]},"4":{"loc":{"start":{"line":53,"column":6},"end":{"line":53,"column":63}},"type":"if","locations":[{"start":{"line":53,"column":6},"end":{"line":53,"column":63}}]},"5":{"loc":{"start":{"line":53,"column":10},"end":{"line":53,"column":50}},"type":"binary-expr","locations":[{"start":{"line":53,"column":10},"end":{"line":53,"column":29}},{"start":{"line":53,"column":33},"end":{"line":53,"column":50}}]},"6":{"loc":{"start":{"line":56,"column":31},"end":{"line":60,"column":8}},"type":"binary-expr","locations":[{"start":{"line":56,"column":31},"end":{"line":56,"column":48}},{"start":{"line":56,"column":52},"end":{"line":60,"column":8}}]},"7":{"loc":{"start":{"line":62,"column":26},"end":{"line":62,"column":124}},"type":"cond-expr","locations":[{"start":{"line":62,"column":49},"end":{"line":62,"column":85}},{"start":{"line":62,"column":88},"end":{"line":62,"column":124}}]},"8":{"loc":{"start":{"line":108,"column":8},"end":{"line":111,"column":9}},"type":"if","locations":[{"start":{"line":108,"column":8},"end":{"line":111,"column":9}}]},"9":{"loc":{"start":{"line":108,"column":12},"end":{"line":108,"column":41}},"type":"binary-expr","locations":[{"start":{"line":108,"column":12},"end":{"line":108,"column":17}},{"start":{"line":108,"column":21},"end":{"line":108,"column":41}}]},"10":{"loc":{"start":{"line":109,"column":37},"end":{"line":109,"column":62}},"type":"binary-expr","locations":[{"start":{"line":109,"column":37},"end":{"line":109,"column":53}},{"start":{"line":109,"column":57},"end":{"line":109,"column":62}}]},"11":{"loc":{"start":{"line":114,"column":28},"end":{"line":116,"column":13}},"type":"cond-expr","locations":[{"start":{"line":115,"column":12},"end":{"line":115,"column":74}},{"start":{"line":116,"column":12},"end":{"line":116,"column":13}}]},"12":{"loc":{"start":{"line":143,"column":4},"end":{"line":149,"column":5}},"type":"if","locations":[{"start":{"line":143,"column":4},"end":{"line":149,"column":5}},{"start":{"line":146,"column":11},"end":{"line":149,"column":5}}]},"13":{"loc":{"start":{"line":165,"column":4},"end":{"line":169,"column":5}},"type":"if","locations":[{"start":{"line":165,"column":4},"end":{"line":169,"column":5}}]},"14":{"loc":{"start":{"line":171,"column":4},"end":{"line":175,"column":5}},"type":"if","locations":[{"start":{"line":171,"column":4},"end":{"line":175,"column":5}}]},"15":{"loc":{"start":{"line":178,"column":4},"end":{"line":181,"column":5}},"type":"if","locations":[{"start":{"line":178,"column":4},"end":{"line":181,"column":5}}]},"16":{"loc":{"start":{"line":191,"column":4},"end":{"line":195,"column":5}},"type":"if","locations":[{"start":{"line":191,"column":4},"end":{"line":195,"column":5}}]},"17":{"loc":{"start":{"line":192,"column":6},"end":{"line":194,"column":7}},"type":"if","locations":[{"start":{"line":192,"column":6},"end":{"line":194,"column":7}}]}},"s":{"0":2,"1":2,"2":2,"3":2,"4":2,"5":2,"6":3,"7":3,"8":2,"9":2,"10":1,"11":1,"12":1,"13":1,"14":1,"15":0,"16":0,"17":1,"18":1,"19":1,"20":1,"21":1,"22":1,"23":0,"24":1,"25":1,"26":1,"27":1,"28":1,"29":1,"30":1,"31":1,"32":1,"33":1,"34":1,"35":1,"36":1,"37":1,"38":1,"39":1,"40":1,"41":1,"42":1,"43":1,"44":0,"45":0,"46":1,"47":1,"48":1,"49":1,"50":1,"51":1,"52":1,"53":1,"54":1,"55":1,"56":2,"57":1,"58":1,"59":1,"60":1,"61":2,"62":2,"63":4,"64":4,"65":4,"66":2,"67":4,"68":1,"69":4,"70":1,"71":3,"72":2,"73":2,"74":2,"75":1,"76":1,"77":2},"f":{"0":3,"1":1,"2":0,"3":1,"4":1,"5":1,"6":1,"7":1,"8":1,"9":1,"10":4},"b":{"0":[1],"1":[1,1],"2":[0,0],"3":[1,0],"4":[0],"5":[1,1],"6":[1,1],"7":[1,0],"8":[0],"9":[1,1],"10":[0,0],"11":[1,0],"12":[1,1],"13":[2],"14":[1],"15":[1],"16":[2],"17":[1]}}
,"C:\\Users\\Dell\\Documents\\GitHub\\challenge-backend-dev\\src\\utils\\swagger.ts": {"path":"C:\\Users\\Dell\\Documents\\GitHub\\challenge-backend-dev\\src\\utils\\swagger.ts","statementMap":{"0":{"start":{"line":1,"column":0},"end":{"line":1,"column":41}},"1":{"start":{"line":2,"column":0},"end":{"line":2,"column":7}},"2":{"start":{"line":24,"column":9},"end":{"line":2,"column":43}},"3":{"start":{"line":4,"column":16},"end":{"line":20,"column":2}},"4":{"start":{"line":22,"column":20},"end":{"line":22,"column":41}},"5":{"start":{"line":24,"column":20},"end":{"line":24,"column":31}}},"fnMap":{},"branchMap":{},"s":{"0":1,"1":1,"2":1,"3":1,"4":1,"5":1},"f":{},"b":{}}
}
