TN:
SF:src\app.ts
FN:48,(anonymous_1)
FNF:1
FNH:1
FNDA:1,(anonymous_1)
DA:27,1
DA:28,1
DA:29,1
DA:30,1
DA:31,1
DA:34,1
DA:35,1
DA:38,1
DA:39,1
DA:40,1
DA:43,1
DA:46,1
DA:48,1
DA:49,1
DA:50,1
DA:54,1
LF:16
LH:16
BRDA:35,0,0,1
BRDA:35,0,1,1
BRF:2
BRH:2
end_of_record
TN:
SF:src\controllers\orders.controller.ts
FN:47,(anonymous_1)
FN:67,(anonymous_2)
FN:86,(anonymous_3)
FN:112,(anonymous_4)
FNF:4
FNH:3
FNDA:2,(anonymous_1)
FNDA:0,(anonymous_2)
FNDA:2,(anonymous_3)
FNDA:4,(anonymous_4)
DA:2,1
DA:3,1
DA:4,1
DA:7,1
DA:22,1
DA:47,1
DA:48,2
DA:49,2
DA:50,2
DA:51,1
DA:52,1
DA:55,1
DA:56,1
DA:57,1
DA:59,0
DA:60,0
DA:67,1
DA:68,0
DA:69,0
DA:70,0
DA:72,0
DA:73,0
DA:76,0
DA:78,0
DA:79,0
DA:86,1
DA:87,2
DA:88,2
DA:91,2
DA:94,0
DA:96,2
DA:99,2
DA:100,2
DA:104,0
DA:112,1
DA:113,4
DA:115,4
DA:116,4
DA:117,4
DA:119,4
DA:122,4
DA:125,4
DA:126,4
DA:130,4
DA:131,4
DA:132,4
DA:136,4
DA:137,3
DA:139,3
DA:140,1
DA:142,3
DA:143,2
DA:147,3
DA:150,3
DA:155,1
DA:157,1
DA:159,0
DA:160,0
LF:58
LH:44
BRDA:50,0,0,1
BRDA:72,1,0,0
BRDA:99,2,0,2
BRDA:125,3,0,1
BRDA:126,4,0,1
BRDA:131,5,0,0
BRDA:131,6,0,4
BRDA:131,6,1,3
BRDA:131,6,2,0
BRDA:132,7,0,2
BRDA:132,8,0,4
BRDA:132,8,1,3
BRDA:136,9,0,3
BRDA:136,10,0,4
BRDA:136,10,1,3
BRDA:139,11,0,1
BRDA:142,12,0,2
BRF:17
BRH:14
end_of_record
TN:
SF:src\controllers\portfolio.controller.ts
FN:9,(anonymous_0)
FN:30,(anonymous_1)
FNF:2
FNH:2
FNDA:2,(anonymous_0)
FNDA:6,(anonymous_1)
DA:2,2
DA:3,2
DA:9,2
DA:10,2
DA:11,2
DA:12,2
DA:14,1
DA:15,0
DA:18,1
DA:20,1
DA:21,1
DA:24,0
DA:30,2
DA:31,6
DA:32,6
DA:35,6
DA:36,2
DA:42,4
DA:45,2
DA:46,1
DA:52,1
DA:54,2
DA:55,2
LF:23
LH:21
BRDA:14,0,0,0
BRDA:20,1,0,1
BRDA:35,2,0,2
BRDA:35,3,0,6
BRDA:35,3,1,2
BRDA:45,4,0,1
BRDA:57,5,0,2
BRDA:57,5,1,0
BRF:8
BRH:6
end_of_record
TN:
SF:src\database\index.ts
FNF:0
FNH:0
DA:1,2
DA:2,2
DA:4,2
DA:6,2
DA:19,2
LF:5
LH:5
BRDA:7,0,0,2
BRDA:7,0,1,2
BRDA:8,1,0,2
BRDA:8,1,1,2
BRDA:9,2,0,2
BRDA:9,2,1,2
BRDA:11,3,0,2
BRDA:11,3,1,2
BRDA:12,4,0,2
BRDA:12,4,1,2
BRF:10
BRH:10
end_of_record
TN:
SF:src\errors\CustomError.ts
FN:9,(anonymous_0)
FNF:1
FNH:1
FNDA:14,(anonymous_0)
DA:6,4
DA:10,14
DA:11,14
DA:12,14
DA:15,14
DA:16,14
LF:6
LH:6
BRDA:15,0,0,14
BRF:1
BRH:1
end_of_record
TN:
SF:src\models\instrument.model.ts
FNF:0
FNH:0
DA:1,2
DA:2,2
DA:23,2
DA:51,2
LF:4
LH:4
BRF:0
BRH:0
end_of_record
TN:
SF:src\models\marketdata.model.ts
FNF:0
FNH:0
DA:1,2
DA:2,2
DA:31,2
DA:74,2
LF:4
LH:4
BRF:0
BRH:0
end_of_record
TN:
SF:src\models\orders.model.ts
FNF:0
FNH:0
DA:1,2
DA:2,2
DA:3,2
DA:43,2
DA:91,2
DA:96,2
LF:6
LH:6
BRF:0
BRH:0
end_of_record
TN:
SF:src\routes\index.ts
FNF:0
FNH:0
DA:1,1
DA:2,1
DA:3,1
DA:5,1
DA:10,1
DA:11,1
DA:13,1
LF:7
LH:7
BRF:0
BRH:0
end_of_record
TN:
SF:src\routes\order.routes.ts
FN:9,asyncHandler
FN:10,(anonymous_1)
FNF:2
FNH:2
FNDA:4,asyncHandler
FNDA:8,(anonymous_1)
DA:1,1
DA:2,1
DA:10,4
DA:11,8
DA:14,1
DA:51,1
DA:114,1
DA:202,1
DA:283,1
DA:286,1
LF:10
LH:10
BRF:0
BRH:0
end_of_record
TN:
SF:src\routes\portfolio.routes.ts
FN:10,asyncHandler
FN:11,(anonymous_1)
FN:16,(anonymous_2)
FNF:3
FNH:1
FNDA:2,asyncHandler
FNDA:0,(anonymous_1)
FNDA:0,(anonymous_2)
DA:1,1
DA:3,1
DA:8,1
DA:11,2
DA:12,0
DA:16,1
DA:17,0
DA:44,1
DA:70,1
DA:72,1
LF:10
LH:8
BRF:0
BRH:0
end_of_record
TN:
SF:src\services\orders.service.ts
FN:8,(anonymous_1)
FN:49,(anonymous_2)
FN:79,(anonymous_3)
FN:102,(anonymous_4)
FNF:4
FNH:4
FNDA:6,(anonymous_1)
FNDA:5,(anonymous_2)
FNDA:5,(anonymous_3)
FNDA:5,(anonymous_4)
DA:1,2
DA:3,2
DA:8,2
DA:9,6
DA:11,6
DA:12,1
DA:16,5
DA:17,2
DA:21,3
DA:29,3
DA:30,3
DA:31,2
DA:33,1
DA:34,1
DA:35,1
DA:37,0
DA:41,4
DA:42,4
DA:49,2
DA:50,5
DA:52,5
DA:53,5
DA:54,0
DA:55,0
DA:58,5
DA:59,4
DA:63,1
DA:64,1
DA:65,1
DA:66,1
DA:68,0
DA:69,0
DA:70,0
DA:72,0
DA:79,2
DA:80,5
DA:81,5
DA:83,3
DA:84,2
DA:87,1
DA:89,4
DA:91,4
DA:92,2
DA:95,2
DA:102,2
DA:103,5
DA:104,5
DA:105,5
DA:106,2
DA:109,3
DA:120,3
DA:121,2
DA:123,3
DA:124,3
DA:125,2
DA:127,1
LF:56
LH:49
BRDA:11,0,0,1
BRDA:11,1,0,6
BRDA:11,1,1,5
BRDA:11,1,2,5
BRDA:11,1,3,5
BRDA:16,2,0,2
BRDA:16,3,0,5
BRDA:16,3,1,4
BRDA:16,3,2,4
BRDA:23,4,0,3
BRDA:23,4,1,0
BRDA:24,5,0,3
BRDA:24,5,1,0
BRDA:34,6,0,1
BRDA:53,7,0,0
BRDA:58,8,0,4
BRDA:69,9,0,0
BRDA:72,10,0,0
BRDA:72,10,1,0
BRDA:83,11,0,2
BRDA:91,12,0,2
BRDA:91,13,0,4
BRDA:91,13,1,2
BRDA:105,14,0,2
BRDA:105,15,0,5
BRDA:105,15,1,4
BRDA:105,15,2,4
BRDA:105,15,3,4
BRDA:114,16,0,3
BRDA:114,16,1,1
BRDA:124,17,0,2
BRDA:127,18,0,1
BRDA:127,18,1,0
BRF:33
BRH:26
end_of_record
TN:
SF:src\services\portfolio.service.ts
FN:22,(anonymous_1)
FN:38,(anonymous_2)
FN:41,(anonymous_3)
FN:49,(anonymous_4)
FN:52,(anonymous_5)
FN:79,(anonymous_6)
FN:94,(anonymous_7)
FN:104,(anonymous_8)
FN:128,(anonymous_9)
FN:133,(anonymous_10)
FN:160,(anonymous_11)
FNF:11
FNH:10
FNDA:3,(anonymous_1)
FNDA:1,(anonymous_2)
FNDA:0,(anonymous_3)
FNDA:1,(anonymous_4)
FNDA:1,(anonymous_5)
FNDA:1,(anonymous_6)
FNDA:1,(anonymous_7)
FNDA:1,(anonymous_8)
FNDA:1,(anonymous_9)
FNDA:1,(anonymous_10)
FNDA:4,(anonymous_11)
DA:1,2
DA:2,2
DA:3,2
DA:4,2
DA:5,2
DA:22,2
DA:24,3
DA:26,3
DA:31,2
DA:33,2
DA:34,1
DA:38,1
DA:39,1
DA:41,1
DA:42,0
DA:43,0
DA:46,1
DA:49,1
DA:50,1
DA:52,1
DA:53,1
DA:55,1
DA:56,1
DA:62,1
DA:63,1
DA:65,1
DA:67,1
DA:77,1
DA:79,1
DA:80,1
DA:83,1
DA:90,1
DA:93,1
DA:94,1
DA:95,1
DA:101,1
DA:103,1
DA:105,1
DA:106,1
DA:108,1
DA:109,0
DA:110,0
DA:113,1
DA:114,1
DA:118,1
DA:120,1
DA:128,1
DA:130,1
DA:133,1
DA:135,1
DA:137,1
DA:143,2
DA:144,1
DA:145,1
DA:147,1
DA:148,1
DA:160,2
DA:161,4
DA:163,4
DA:165,4
DA:166,2
DA:171,4
DA:172,1
DA:178,4
DA:180,1
DA:184,3
DA:186,2
DA:191,2
DA:192,2
DA:193,1
DA:196,1
LF:71
LH:67
BRDA:33,0,0,1
BRDA:38,1,0,1
BRDA:38,1,1,1
BRDA:43,2,0,0
BRDA:43,2,1,0
BRDA:49,3,0,1
BRDA:49,3,1,0
BRDA:53,4,0,0
BRDA:53,5,0,1
BRDA:53,5,1,1
BRDA:56,6,0,1
BRDA:56,6,1,1
BRDA:62,7,0,1
BRDA:62,7,1,0
BRDA:108,8,0,0
BRDA:108,9,0,1
BRDA:108,9,1,1
BRDA:109,10,0,0
BRDA:109,10,1,0
BRDA:114,11,0,1
BRDA:114,11,1,0
BRDA:143,12,0,1
BRDA:143,12,1,1
BRDA:165,13,0,2
BRDA:171,14,0,1
BRDA:178,15,0,1
BRDA:191,16,0,2
BRDA:192,17,0,1
BRF:28
BRH:19
end_of_record
TN:
SF:src\utils\swagger.ts
FNF:0
FNH:0
DA:1,1
DA:2,1
DA:4,1
DA:22,1
DA:24,1
LF:5
LH:5
BRF:0
BRH:0
end_of_record
